<?xml version="1.0" encoding="UTF-8"?>
<testsuite name="CustomParserTests" tests="1" skipped="0" failures="0" errors="0" timestamp="2021-06-03T20:15:02" hostname="egghead" time="0.027">
  <properties/>
  <testcase name="Test basic happy path usage of annotation()" classname="CustomParserTests" time="0.027"/>
  <system-out><![CDATA[PersonWithBodyFat(id=1, name=Mark, age=37, inToronto=true, bodyFat=28.8)
PersonWithBodyFat(id=2, name=Matt, age=35, inToronto=true, bodyFat=18.2)
PersonWithBodyFat(id=3, name=Mike, age=35, inToronto=false, bodyFat=8.0)
PersonWithBodyFat(id=4, name=Alex, age=27, inToronto=true, bodyFat=0.0)
]]></system-out>
  <system-err><![CDATA[]]></system-err>
</testsuite>
