<?xml version="1.0" encoding="UTF-8"?>
<testsuite name="BaseParsingTest" tests="1" skipped="0" failures="0" errors="0" timestamp="2021-06-03T20:15:02" hostname="egghead" time="0.56">
  <properties/>
  <testcase name="Test basic happy path usage of annotation()" classname="BaseParsingTest" time="0.56"/>
  <system-out><![CDATA[Person(id=1, name=Mark, age=37, inToronto=true)
Person(id=2, name=Matt, age=35, inToronto=true)
Person(id=3, name=Mike, age=35, inToronto=false)
Person(id=4, name=Alex, age=27, inToronto=true)
]]></system-out>
  <system-err><![CDATA[]]></system-err>
</testsuite>
